<?xml version="1.0" encoding="UTF-8"?>
<!-- Generated by org.testng.reporters.JUnitXMLReporter -->
<testsuite ignored="2" hostname="Khurshid_Alam" failures="0" tests="2" name="Test" time="0.138" errors="0" timestamp="2024-11-03T09:58:29 IST">
  <testcase classname="Login.Login_1" name="test02" time="0.019"/>
  <testcase classname="Org.org" name="test02" time="0.003"/>
  <testcase classname="Org.org" name="test01" time="0.0">
    <ignored/>
  </testcase> <!-- test01 -->
  <testcase classname="Login.Login_1" name="test01" time="0.0">
    <ignored/>
  </testcase> <!-- test01 -->
</testsuite> <!-- Test -->
