<?xml version="1.0" encoding="UTF-8"?>
<testng-results ignored="0" total="2" passed="2" failed="0" skipped="0">
  <reporter-output>
  </reporter-output>
  <suite started-at="2024-11-03T10:13:33 IST" name="Suite" finished-at="2024-11-03T10:13:33 IST" duration-ms="128">
    <groups>
      <group name="retest">
        <method signature="Login_1.test03()[pri:0, instance:Login.Login_1@96def03]" name="test03" class="Login.Login_1"/>
        <method signature="org.test03()[pri:0, instance:Org.org@3cc2931c]" name="test03" class="Org.org"/>
      </group> <!-- retest -->
    </groups>
    <test started-at="2024-11-03T10:13:33 IST" name="Test" finished-at="2024-11-03T10:13:33 IST" duration-ms="128">
      <class name="Login.Login_1">
        <test-method signature="test03()[pri:0, instance:Login.Login_1@96def03]" started-at="2024-11-03T10:13:33 IST" name="test03" finished-at="2024-11-03T10:13:33 IST" duration-ms="7" status="PASS">
          <reporter-output>
          </reporter-output>
        </test-method> <!-- test03 -->
      </class> <!-- Login.Login_1 -->
      <class name="Org.org">
        <test-method signature="test03()[pri:0, instance:Org.org@3cc2931c]" started-at="2024-11-03T10:13:33 IST" name="test03" finished-at="2024-11-03T10:13:33 IST" duration-ms="1" status="PASS">
          <reporter-output>
          </reporter-output>
        </test-method> <!-- test03 -->
      </class> <!-- Org.org -->
    </test> <!-- Test -->
  </suite> <!-- Suite -->
</testng-results>
