<?xml version="1.0" encoding="UTF-8"?>
<testng-results ignored="0" total="2" passed="2" failed="0" skipped="0">
  <reporter-output>
  </reporter-output>
  <suite started-at="2024-11-03T09:58:29 IST" name="Suite" finished-at="2024-11-03T09:58:29 IST" duration-ms="138">
    <groups>
      <group name="regression">
        <method signature="Login_1.test02()[pri:0, instance:Login.Login_1@3e08ff24]" name="test02" class="Login.Login_1"/>
        <method signature="org.test02()[pri:0, instance:Org.org@2b30a42c]" name="test02" class="Org.org"/>
      </group> <!-- regression -->
    </groups>
    <test started-at="2024-11-03T09:58:29 IST" name="Test" finished-at="2024-11-03T09:58:29 IST" duration-ms="138">
      <class name="Login.Login_1">
        <test-method signature="test02()[pri:0, instance:Login.Login_1@3e08ff24]" started-at="2024-11-03T09:58:29 IST" name="test02" finished-at="2024-11-03T09:58:29 IST" duration-ms="19" status="PASS">
          <reporter-output>
          </reporter-output>
        </test-method> <!-- test02 -->
      </class> <!-- Login.Login_1 -->
      <class name="Org.org">
        <test-method signature="test02()[pri:0, instance:Org.org@2b30a42c]" started-at="2024-11-03T09:58:29 IST" name="test02" finished-at="2024-11-03T09:58:29 IST" duration-ms="3" status="PASS">
          <reporter-output>
          </reporter-output>
        </test-method> <!-- test02 -->
      </class> <!-- Org.org -->
    </test> <!-- Test -->
  </suite> <!-- Suite -->
</testng-results>
